android/app/build/intermediates/manifest_merge_blame_file/personalDebug/manifest-merger-blame-personal-debug-report.txt
1<?xml version="1.0" encoding="utf-8"?>
2<manifest xmlns:android="http://schemas.android.com/apk/res/android"
3    package="com.pranix.quietkeep"
4    android:versionCode="3"
5    android:versionName="1.2.0" >
6
7    <uses-sdk
8        android:minSdkVersion="23"
9        android:targetSdkVersion="34" />
10
11    <!-- ── Permissions ──────────────────────────────────────────────────── -->
12    <uses-permission android:name="android.permission.INTERNET" />
12-->src\main\AndroidManifest.xml:7:5-67
12-->src\main\AndroidManifest.xml:7:22-64
13    <uses-permission android:name="android.permission.ACCESS_NETWORK_STATE" />
13-->src\main\AndroidManifest.xml:8:5-79
13-->src\main\AndroidManifest.xml:8:22-76
14
15    <!-- Camera: photo capture via WebView file chooser + Capacitor Camera plugin -->
16    <uses-permission android:name="android.permission.CAMERA" />
16-->src\main\AndroidManifest.xml:11:5-65
16-->src\main\AndroidManifest.xml:11:22-62
17
18    <!-- Contacts: full phonebook sync via ContactsBridge -->
19    <uses-permission android:name="android.permission.READ_CONTACTS" />
19-->src\main\AndroidManifest.xml:14:5-72
19-->src\main\AndroidManifest.xml:14:22-69
20
21    <!-- Microphone: VoiceService native AudioRecord capture -->
22    <uses-permission android:name="android.permission.RECORD_AUDIO" />
22-->src\main\AndroidManifest.xml:17:5-71
22-->src\main\AndroidManifest.xml:17:22-68
23
24    <!--
25         Audio focus for WebView Web Audio API on Android 14+ / ColorOS 14 / Vivo.
26         Without this the OEM audio arbiter can deny the WebView audio session
27         even when RECORD_AUDIO is granted.
28    -->
29    <uses-permission android:name="android.permission.MODIFY_AUDIO_SETTINGS" />
29-->src\main\AndroidManifest.xml:22:5-80
29-->src\main\AndroidManifest.xml:22:22-77
30
31    <!-- Foreground service base permission (Android 9+) -->
32    <uses-permission android:name="android.permission.FOREGROUND_SERVICE" />
32-->src\main\AndroidManifest.xml:25:5-77
32-->src\main\AndroidManifest.xml:25:22-74
33
34    <!--
35         Required on Android 14+ (API 34): startForeground() must declare type=microphone
36         or AudioRecord.read() silently returns 0 bytes on every call.
37    -->
38    <uses-permission android:name="android.permission.FOREGROUND_SERVICE_MICROPHONE" />
38-->src\main\AndroidManifest.xml:29:5-88
38-->src\main\AndroidManifest.xml:29:22-85
39
40    <!-- Data-sync foreground type for KeepAliveService -->
41    <uses-permission android:name="android.permission.FOREGROUND_SERVICE_DATA_SYNC" />
41-->src\main\AndroidManifest.xml:32:5-87
41-->src\main\AndroidManifest.xml:32:22-84
42    <uses-permission android:name="android.permission.WAKE_LOCK" />
42-->src\main\AndroidManifest.xml:34:5-68
42-->src\main\AndroidManifest.xml:34:22-65
43
44    <!-- Battery optimization exemption — prevents OplusHansManager UID freeze -->
45    <uses-permission android:name="android.permission.REQUEST_IGNORE_BATTERY_OPTIMIZATIONS" />
45-->src\main\AndroidManifest.xml:37:5-95
45-->src\main\AndroidManifest.xml:37:22-92
46
47    <!-- Usage stats: PerceptionPlugin.getForegroundApp() -->
48    <uses-permission android:name="android.permission.PACKAGE_USAGE_STATS" />
48-->src\main\AndroidManifest.xml:40:5-41:46
48-->src\main\AndroidManifest.xml:40:22-75
49
50    <!-- Push notifications: Android 13+ -->
51    <uses-permission android:name="android.permission.POST_NOTIFICATIONS" />
51-->src\main\AndroidManifest.xml:44:5-77
51-->src\main\AndroidManifest.xml:44:22-74
52
53    <!-- Boot receiver: restart VoiceService after reboot -->
54    <uses-permission android:name="android.permission.RECEIVE_BOOT_COMPLETED" />
54-->src\main\AndroidManifest.xml:47:5-81
54-->src\main\AndroidManifest.xml:47:22-78
55    <uses-permission android:name="android.permission.VIBRATE" />
55-->src\main\AndroidManifest.xml:49:5-66
55-->src\main\AndroidManifest.xml:49:22-63
56
57    <!-- AlarmManager exact alarms (Android 12+) -->
58    <uses-permission android:name="android.permission.SCHEDULE_EXACT_ALARM" />
58-->src\main\AndroidManifest.xml:52:5-79
58-->src\main\AndroidManifest.xml:52:22-76
59    <uses-permission android:name="android.permission.USE_EXACT_ALARM" />
59-->src\main\AndroidManifest.xml:53:5-74
59-->src\main\AndroidManifest.xml:53:22-71
60    <uses-permission android:name="android.permission.CALL_PHONE" />
60-->src\main\AndroidManifest.xml:55:5-69
60-->src\main\AndroidManifest.xml:55:22-66
61    <uses-permission android:name="android.permission.READ_PHONE_STATE" />
61-->src\main\AndroidManifest.xml:56:5-75
61-->src\main\AndroidManifest.xml:56:22-72
62
63    <!-- Location: LocationService geo-trigger polling -->
64    <uses-permission android:name="android.permission.ACCESS_FINE_LOCATION" />
64-->src\main\AndroidManifest.xml:59:5-79
64-->src\main\AndroidManifest.xml:59:22-76
65    <uses-permission android:name="android.permission.ACCESS_COARSE_LOCATION" />
65-->src\main\AndroidManifest.xml:60:5-81
65-->src\main\AndroidManifest.xml:60:22-78
66    <uses-permission android:name="android.permission.ACCESS_BACKGROUND_LOCATION" />
66-->src\main\AndroidManifest.xml:61:5-85
66-->src\main\AndroidManifest.xml:61:22-82
67    <uses-permission android:name="android.permission.FOREGROUND_SERVICE_LOCATION" />
67-->src\main\AndroidManifest.xml:62:5-86
67-->src\main\AndroidManifest.xml:62:22-83
68
69    <queries>
69-->src\main\AndroidManifest.xml:64:5-76:15
70        <intent>
70-->src\main\AndroidManifest.xml:65:9-68:18
71            <action android:name="android.intent.action.VIEW" />
71-->src\main\AndroidManifest.xml:66:13-65
71-->src\main\AndroidManifest.xml:66:21-62
72
73            <data
73-->src\main\AndroidManifest.xml:67:13-65
74                android:host="wa.me"
74-->src\main\AndroidManifest.xml:67:42-62
75                android:scheme="https" />
75-->src\main\AndroidManifest.xml:67:19-41
76        </intent>
77        <intent>
77-->src\main\AndroidManifest.xml:69:9-71:18
78            <action android:name="android.intent.action.DIAL" />
78-->src\main\AndroidManifest.xml:70:13-65
78-->src\main\AndroidManifest.xml:70:21-62
79        </intent>
80        <intent>
80-->src\main\AndroidManifest.xml:72:9-75:18
81            <action android:name="android.intent.action.VIEW" />
81-->src\main\AndroidManifest.xml:66:13-65
81-->src\main\AndroidManifest.xml:66:21-62
82
83            <data android:scheme="geo" />
83-->src\main\AndroidManifest.xml:67:13-65
83-->src\main\AndroidManifest.xml:67:19-41
84        </intent>
85    </queries>
86    <!-- Required by older versions of Google Play services to create IID tokens -->
87    <uses-permission android:name="com.google.android.c2dm.permission.RECEIVE" />
87-->[com.google.firebase:firebase-messaging:23.4.0] AndroidManifest.xml:26:5-82
87-->[com.google.firebase:firebase-messaging:23.4.0] AndroidManifest.xml:26:22-79
88
89    <permission
89-->[androidx.core:core:1.12.0] AndroidManifest.xml:22:5-24:47
90        android:name="com.pranix.quietkeep.DYNAMIC_RECEIVER_NOT_EXPORTED_PERMISSION"
90-->[androidx.core:core:1.12.0] AndroidManifest.xml:23:9-81
91        android:protectionLevel="signature" />
91-->[androidx.core:core:1.12.0] AndroidManifest.xml:24:9-44
92
93    <uses-permission android:name="com.pranix.quietkeep.DYNAMIC_RECEIVER_NOT_EXPORTED_PERMISSION" />
93-->[androidx.core:core:1.12.0] AndroidManifest.xml:26:5-97
93-->[androidx.core:core:1.12.0] AndroidManifest.xml:26:22-94
94
95    <application
95-->src\main\AndroidManifest.xml:78:5-223:19
96        android:allowBackup="true"
96-->src\main\AndroidManifest.xml:79:9-35
97        android:appComponentFactory="androidx.core.app.CoreComponentFactory"
97-->[androidx.core:core:1.12.0] AndroidManifest.xml:28:18-86
98        android:debuggable="true"
99        android:extractNativeLibs="false"
100        android:hardwareAccelerated="true"
100-->src\main\AndroidManifest.xml:80:9-43
101        android:icon="@mipmap/ic_launcher"
101-->src\main\AndroidManifest.xml:81:9-43
102        android:label="@string/app_name"
102-->src\main\AndroidManifest.xml:82:9-41
103        android:roundIcon="@mipmap/ic_launcher_round"
103-->src\main\AndroidManifest.xml:83:9-54
104        android:supportsRtl="true"
104-->src\main\AndroidManifest.xml:84:9-35
105        android:theme="@style/AppTheme"
105-->src\main\AndroidManifest.xml:85:9-40
106        android:usesCleartextTraffic="false" >
106-->src\main\AndroidManifest.xml:86:9-45
107
108        <!-- OEM battery optimization hints (4 major OEMs) -->
109
110
111        <!-- Realme / OPPO / OnePlus (ColorOS / OxygenOS) -->
112        <meta-data
112-->src\main\AndroidManifest.xml:91:9-93:43
113            android:name="com.oplus.optimization.battery"
113-->src\main\AndroidManifest.xml:92:13-58
114            android:value="no_optimize" />
114-->src\main\AndroidManifest.xml:93:13-40
115
116        <!-- Xiaomi / Redmi / POCO (MIUI / HyperOS) -->
117        <meta-data
117-->src\main\AndroidManifest.xml:96:9-98:33
118            android:name="com.miui.autostart"
118-->src\main\AndroidManifest.xml:97:13-46
119            android:value="1" />
119-->src\main\AndroidManifest.xml:98:13-30
120
121        <!-- Vivo / iQOO (Funtouch OS / OriginOS) -->
122        <meta-data
122-->src\main\AndroidManifest.xml:101:9-103:33
123            android:name="com.vivo.notification.priority"
123-->src\main\AndroidManifest.xml:102:13-58
124            android:value="1" />
124-->src\main\AndroidManifest.xml:103:13-30
125
126        <!-- Huawei / Honor (EMUI / MagicUI) -->
127        <meta-data
127-->src\main\AndroidManifest.xml:106:9-108:33
128            android:name="com.huawei.keepalive"
128-->src\main\AndroidManifest.xml:107:13-48
129            android:value="1" />
129-->src\main\AndroidManifest.xml:108:13-30
130
131        <activity
131-->src\main\AndroidManifest.xml:110:9-127:20
132            android:name="com.pranix.quietkeep.MainActivity"
132-->src\main\AndroidManifest.xml:111:13-41
133            android:configChanges="orientation|keyboardHidden|keyboard|screenSize|locale|smallestScreenSize|screenLayout|uiMode"
133-->src\main\AndroidManifest.xml:112:13-129
134            android:exported="true"
134-->src\main\AndroidManifest.xml:113:13-36
135            android:hardwareAccelerated="true"
135-->src\main\AndroidManifest.xml:114:13-47
136            android:launchMode="singleTask"
136-->src\main\AndroidManifest.xml:115:13-44
137            android:windowSoftInputMode="adjustResize" >
137-->src\main\AndroidManifest.xml:116:13-55
138            <intent-filter>
138-->src\main\AndroidManifest.xml:117:13-120:29
139                <action android:name="android.intent.action.MAIN" />
139-->src\main\AndroidManifest.xml:118:17-69
139-->src\main\AndroidManifest.xml:118:25-66
140
141                <category android:name="android.intent.category.LAUNCHER" />
141-->src\main\AndroidManifest.xml:119:17-77
141-->src\main\AndroidManifest.xml:119:27-74
142            </intent-filter>
143            <intent-filter>
143-->src\main\AndroidManifest.xml:121:13-126:29
144                <action android:name="android.intent.action.VIEW" />
144-->src\main\AndroidManifest.xml:66:13-65
144-->src\main\AndroidManifest.xml:66:21-62
145
146                <category android:name="android.intent.category.DEFAULT" />
146-->src\main\AndroidManifest.xml:123:17-76
146-->src\main\AndroidManifest.xml:123:27-73
147                <category android:name="android.intent.category.BROWSABLE" />
147-->src\main\AndroidManifest.xml:124:17-78
147-->src\main\AndroidManifest.xml:124:27-75
148
149                <data
149-->src\main\AndroidManifest.xml:67:13-65
150                    android:host="caller-context"
150-->src\main\AndroidManifest.xml:67:42-62
151                    android:scheme="com.pranix.quietkeep" />
151-->src\main\AndroidManifest.xml:67:19-41
152            </intent-filter>
153        </activity>
154
155        <!-- QuietKeepCallScreeningService: Track A1 incoming call context moat -->
156        <service
156-->src\main\AndroidManifest.xml:130:9-138:19
157            android:name="com.pranix.quietkeep.services.QuietKeepCallScreeningService"
157-->src\main\AndroidManifest.xml:131:13-67
158            android:enabled="true"
158-->src\main\AndroidManifest.xml:133:13-35
159            android:exported="true"
159-->src\main\AndroidManifest.xml:134:13-36
160            android:permission="android.permission.BIND_SCREENING_SERVICE" >
160-->src\main\AndroidManifest.xml:132:13-75
161            <intent-filter>
161-->src\main\AndroidManifest.xml:135:13-137:29
162                <action android:name="android.telecom.CallScreeningService" />
162-->src\main\AndroidManifest.xml:136:17-79
162-->src\main\AndroidManifest.xml:136:25-76
163            </intent-filter>
164        </service>
165
166        <!--
167             KeepAliveService: started before WebView load to block Hans UID freeze.
168             IMPORTANCE_LOW prevents ColorOS from killing the notification channel.
169        -->
170        <service
170-->src\main\AndroidManifest.xml:142:9-146:56
171            android:name="com.pranix.quietkeep.services.KeepAliveService"
171-->src\main\AndroidManifest.xml:143:13-54
172            android:enabled="true"
172-->src\main\AndroidManifest.xml:144:13-35
173            android:exported="false"
173-->src\main\AndroidManifest.xml:145:13-37
174            android:foregroundServiceType="dataSync" />
174-->src\main\AndroidManifest.xml:146:13-53
175
176        <!--
177             VoiceService: continuous mic → Sarvam STT → /api/voice/capture.
178             foregroundServiceType="microphone" mandatory on Android 14+ (API 34).
179        -->
180        <service
180-->src\main\AndroidManifest.xml:150:9-154:58
181            android:name="com.pranix.quietkeep.services.VoiceService"
181-->src\main\AndroidManifest.xml:151:13-50
182            android:enabled="true"
182-->src\main\AndroidManifest.xml:152:13-35
183            android:exported="false"
183-->src\main\AndroidManifest.xml:153:13-37
184            android:foregroundServiceType="microphone" />
184-->src\main\AndroidManifest.xml:154:13-55
185
186        <!-- LocationService: geo-trigger polling for location-based keeps -->
187        <service
187-->src\main\AndroidManifest.xml:157:9-161:56
188            android:name="com.pranix.quietkeep.services.LocationService"
188-->src\main\AndroidManifest.xml:158:13-53
189            android:enabled="true"
189-->src\main\AndroidManifest.xml:159:13-35
190            android:exported="false"
190-->src\main\AndroidManifest.xml:160:13-37
191            android:foregroundServiceType="location" />
191-->src\main\AndroidManifest.xml:161:13-53
192
193        <!-- PaymentNotificationListener: Track A5 payment SMS & UPI notification auto-capture -->
194        <service
194-->src\main\AndroidManifest.xml:164:9-172:19
195            android:name="com.pranix.quietkeep.services.PaymentNotificationListener"
195-->src\main\AndroidManifest.xml:165:13-65
196            android:exported="true"
196-->src\main\AndroidManifest.xml:168:13-36
197            android:label="QuietKeep Expense Capture"
197-->src\main\AndroidManifest.xml:166:13-54
198            android:permission="android.permission.BIND_NOTIFICATION_LISTENER_SERVICE" >
198-->src\main\AndroidManifest.xml:167:13-87
199            <intent-filter>
199-->src\main\AndroidManifest.xml:169:13-171:29
200                <action android:name="android.service.notification.NotificationListenerService" />
200-->src\main\AndroidManifest.xml:170:17-99
200-->src\main\AndroidManifest.xml:170:25-96
201            </intent-filter>
202        </service>
203
204        <!-- BootReceiver: restarts VoiceService + LocationService after reboot -->
205        <receiver
205-->src\main\AndroidManifest.xml:175:9-182:20
206            android:name="com.pranix.quietkeep.receivers.BootReceiver"
206-->src\main\AndroidManifest.xml:176:13-51
207            android:enabled="true"
207-->src\main\AndroidManifest.xml:177:13-35
208            android:exported="true" >
208-->src\main\AndroidManifest.xml:178:13-36
209            <intent-filter>
209-->src\main\AndroidManifest.xml:179:13-181:29
210                <action android:name="android.intent.action.BOOT_COMPLETED" />
210-->src\main\AndroidManifest.xml:180:17-79
210-->src\main\AndroidManifest.xml:180:25-76
211            </intent-filter>
212        </receiver>
213
214        <!-- AlarmReceiver: fires when AlarmManager triggers a reminder -->
215        <receiver
215-->src\main\AndroidManifest.xml:185:9-188:40
216            android:name="com.pranix.quietkeep.receivers.AlarmReceiver"
216-->src\main\AndroidManifest.xml:186:13-52
217            android:enabled="true"
217-->src\main\AndroidManifest.xml:187:13-35
218            android:exported="false" />
218-->src\main\AndroidManifest.xml:188:13-37
219
220        <!-- GeofenceBroadcastReceiver: Track A7 location keep geofence transition receiver -->
221        <receiver
221-->src\main\AndroidManifest.xml:191:9-194:40
222            android:name="com.pranix.quietkeep.receivers.GeofenceBroadcastReceiver"
222-->src\main\AndroidManifest.xml:192:13-64
223            android:enabled="true"
223-->src\main\AndroidManifest.xml:193:13-35
224            android:exported="false" />
224-->src\main\AndroidManifest.xml:194:13-37
225
226        <!-- QuickMicWidget: Track A3 Home Screen Mic Tap Target -->
227        <receiver
227-->src\main\AndroidManifest.xml:197:9-207:20
228            android:name="com.pranix.quietkeep.widgets.QuickMicWidget"
228-->src\main\AndroidManifest.xml:198:13-51
229            android:exported="true"
229-->src\main\AndroidManifest.xml:200:13-36
230            android:label="QuietKeep Mic" >
230-->src\main\AndroidManifest.xml:199:13-42
231            <intent-filter>
231-->src\main\AndroidManifest.xml:201:13-203:29
232                <action android:name="android.appwidget.action.APPWIDGET_UPDATE" />
232-->src\main\AndroidManifest.xml:202:17-84
232-->src\main\AndroidManifest.xml:202:25-81
233            </intent-filter>
234
235            <meta-data
235-->src\main\AndroidManifest.xml:204:13-206:65
236                android:name="android.appwidget.provider"
236-->src\main\AndroidManifest.xml:205:17-58
237                android:resource="@xml/quick_mic_widget_info" />
237-->src\main\AndroidManifest.xml:206:17-62
238        </receiver>
239
240        <!-- QuietKeepVoiceAssistantService: Hardware power button / default assistant mapping -->
241        <service
241-->src\main\AndroidManifest.xml:210:9-221:19
242            android:name="com.pranix.quietkeep.services.QuietKeepVoiceAssistantService"
242-->src\main\AndroidManifest.xml:211:13-68
243            android:exported="true"
243-->src\main\AndroidManifest.xml:214:13-36
244            android:label="QuietKeep Voice Assistant"
244-->src\main\AndroidManifest.xml:212:13-54
245            android:permission="android.permission.BIND_VOICE_INTERACTION" >
245-->src\main\AndroidManifest.xml:213:13-75
246            <intent-filter>
246-->src\main\AndroidManifest.xml:215:13-217:29
247                <action android:name="android.service.voice.VoiceInteractionService" />
247-->src\main\AndroidManifest.xml:216:17-88
247-->src\main\AndroidManifest.xml:216:25-85
248            </intent-filter>
249
250            <meta-data
250-->src\main\AndroidManifest.xml:218:13-220:69
251                android:name="android.speech"
251-->src\main\AndroidManifest.xml:219:17-46
252                android:resource="@xml/voice_interaction_service" />
252-->src\main\AndroidManifest.xml:220:17-66
253        </service>
254
255        <receiver
255-->[com.google.firebase:firebase-messaging:23.4.0] AndroidManifest.xml:29:9-40:20
256            android:name="com.google.firebase.iid.FirebaseInstanceIdReceiver"
256-->[com.google.firebase:firebase-messaging:23.4.0] AndroidManifest.xml:30:13-78
257            android:exported="true"
257-->[com.google.firebase:firebase-messaging:23.4.0] AndroidManifest.xml:31:13-36
258            android:permission="com.google.android.c2dm.permission.SEND" >
258-->[com.google.firebase:firebase-messaging:23.4.0] AndroidManifest.xml:32:13-73
259            <intent-filter>
259-->[com.google.firebase:firebase-messaging:23.4.0] AndroidManifest.xml:33:13-35:29
260                <action android:name="com.google.android.c2dm.intent.RECEIVE" />
260-->[com.google.firebase:firebase-messaging:23.4.0] AndroidManifest.xml:34:17-81
260-->[com.google.firebase:firebase-messaging:23.4.0] AndroidManifest.xml:34:25-78
261            </intent-filter>
262
263            <meta-data
263-->[com.google.firebase:firebase-messaging:23.4.0] AndroidManifest.xml:37:13-39:40
264                android:name="com.google.android.gms.cloudmessaging.FINISHED_AFTER_HANDLED"
264-->[com.google.firebase:firebase-messaging:23.4.0] AndroidManifest.xml:38:17-92
265                android:value="true" />
265-->[com.google.firebase:firebase-messaging:23.4.0] AndroidManifest.xml:39:17-37
266        </receiver>
267        <!--
268             FirebaseMessagingService performs security checks at runtime,
269             but set to not exported to explicitly avoid allowing another app to call it.
270        -->
271        <service
271-->[com.google.firebase:firebase-messaging:23.4.0] AndroidManifest.xml:46:9-53:19
272            android:name="com.google.firebase.messaging.FirebaseMessagingService"
272-->[com.google.firebase:firebase-messaging:23.4.0] AndroidManifest.xml:47:13-82
273            android:directBootAware="true"
273-->[com.google.firebase:firebase-messaging:23.4.0] AndroidManifest.xml:48:13-43
274            android:exported="false" >
274-->[com.google.firebase:firebase-messaging:23.4.0] AndroidManifest.xml:49:13-37
275            <intent-filter android:priority="-500" >
275-->[com.google.firebase:firebase-messaging:23.4.0] AndroidManifest.xml:50:13-52:29
275-->[com.google.firebase:firebase-messaging:23.4.0] AndroidManifest.xml:50:28-51
276                <action android:name="com.google.firebase.MESSAGING_EVENT" />
276-->[com.google.firebase:firebase-messaging:23.4.0] AndroidManifest.xml:51:17-78
276-->[com.google.firebase:firebase-messaging:23.4.0] AndroidManifest.xml:51:25-75
277            </intent-filter>
278        </service>
279        <service
279-->[com.google.firebase:firebase-messaging:23.4.0] AndroidManifest.xml:54:9-63:19
280            android:name="com.google.firebase.components.ComponentDiscoveryService"
280-->[com.google.firebase:firebase-messaging:23.4.0] AndroidManifest.xml:55:13-84
281            android:directBootAware="true"
281-->[com.google.firebase:firebase-common:20.4.2] AndroidManifest.xml:32:13-43
282            android:exported="false" >
282-->[com.google.firebase:firebase-messaging:23.4.0] AndroidManifest.xml:56:13-37
283            <meta-data
283-->[com.google.firebase:firebase-messaging:23.4.0] AndroidManifest.xml:57:13-59:85
284                android:name="com.google.firebase.components:com.google.firebase.messaging.FirebaseMessagingKtxRegistrar"
284-->[com.google.firebase:firebase-messaging:23.4.0] AndroidManifest.xml:58:17-122
285                android:value="com.google.firebase.components.ComponentRegistrar" />
285-->[com.google.firebase:firebase-messaging:23.4.0] AndroidManifest.xml:59:17-82
286            <meta-data
286-->[com.google.firebase:firebase-messaging:23.4.0] AndroidManifest.xml:60:13-62:85
287                android:name="com.google.firebase.components:com.google.firebase.messaging.FirebaseMessagingRegistrar"
287-->[com.google.firebase:firebase-messaging:23.4.0] AndroidManifest.xml:61:17-119
288                android:value="com.google.firebase.components.ComponentRegistrar" />
288-->[com.google.firebase:firebase-messaging:23.4.0] AndroidManifest.xml:62:17-82
289            <meta-data
289-->[com.google.firebase:firebase-installations:17.2.0] AndroidManifest.xml:15:13-17:85
290                android:name="com.google.firebase.components:com.google.firebase.installations.FirebaseInstallationsKtxRegistrar"
290-->[com.google.firebase:firebase-installations:17.2.0] AndroidManifest.xml:16:17-130
291                android:value="com.google.firebase.components.ComponentRegistrar" />
291-->[com.google.firebase:firebase-installations:17.2.0] AndroidManifest.xml:17:17-82
292            <meta-data
292-->[com.google.firebase:firebase-installations:17.2.0] AndroidManifest.xml:18:13-20:85
293                android:name="com.google.firebase.components:com.google.firebase.installations.FirebaseInstallationsRegistrar"
293-->[com.google.firebase:firebase-installations:17.2.0] AndroidManifest.xml:19:17-127
294                android:value="com.google.firebase.components.ComponentRegistrar" />
294-->[com.google.firebase:firebase-installations:17.2.0] AndroidManifest.xml:20:17-82
295            <meta-data
295-->[com.google.firebase:firebase-common-ktx:20.4.2] AndroidManifest.xml:12:13-14:85
296                android:name="com.google.firebase.components:com.google.firebase.ktx.FirebaseCommonLegacyRegistrar"
296-->[com.google.firebase:firebase-common-ktx:20.4.2] AndroidManifest.xml:13:17-116
297                android:value="com.google.firebase.components.ComponentRegistrar" />
297-->[com.google.firebase:firebase-common-ktx:20.4.2] AndroidManifest.xml:14:17-82
298            <meta-data
298-->[com.google.firebase:firebase-common:20.4.2] AndroidManifest.xml:35:13-37:85
299                android:name="com.google.firebase.components:com.google.firebase.FirebaseCommonKtxRegistrar"
299-->[com.google.firebase:firebase-common:20.4.2] AndroidManifest.xml:36:17-109
300                android:value="com.google.firebase.components.ComponentRegistrar" />
300-->[com.google.firebase:firebase-common:20.4.2] AndroidManifest.xml:37:17-82
301            <meta-data
301-->[com.google.firebase:firebase-datatransport:18.1.7] AndroidManifest.xml:27:13-29:85
302                android:name="com.google.firebase.components:com.google.firebase.datatransport.TransportRegistrar"
302-->[com.google.firebase:firebase-datatransport:18.1.7] AndroidManifest.xml:28:17-115
303                android:value="com.google.firebase.components.ComponentRegistrar" />
303-->[com.google.firebase:firebase-datatransport:18.1.7] AndroidManifest.xml:29:17-82
304        </service>
305
306        <provider
306-->[androidx.emoji2:emoji2:1.2.0] AndroidManifest.xml:24:9-32:20
307            android:name="androidx.startup.InitializationProvider"
307-->[androidx.emoji2:emoji2:1.2.0] AndroidManifest.xml:25:13-67
308            android:authorities="com.pranix.quietkeep.androidx-startup"
308-->[androidx.emoji2:emoji2:1.2.0] AndroidManifest.xml:26:13-68
309            android:exported="false" >
309-->[androidx.emoji2:emoji2:1.2.0] AndroidManifest.xml:27:13-37
310            <meta-data
310-->[androidx.emoji2:emoji2:1.2.0] AndroidManifest.xml:29:13-31:52
311                android:name="androidx.emoji2.text.EmojiCompatInitializer"
311-->[androidx.emoji2:emoji2:1.2.0] AndroidManifest.xml:30:17-75
312                android:value="androidx.startup" />
312-->[androidx.emoji2:emoji2:1.2.0] AndroidManifest.xml:31:17-49
313            <meta-data
313-->[androidx.lifecycle:lifecycle-process:2.6.1] AndroidManifest.xml:29:13-31:52
314                android:name="androidx.lifecycle.ProcessLifecycleInitializer"
314-->[androidx.lifecycle:lifecycle-process:2.6.1] AndroidManifest.xml:30:17-78
315                android:value="androidx.startup" />
315-->[androidx.lifecycle:lifecycle-process:2.6.1] AndroidManifest.xml:31:17-49
316            <meta-data
316-->[androidx.profileinstaller:profileinstaller:1.3.0] AndroidManifest.xml:29:13-31:52
317                android:name="androidx.profileinstaller.ProfileInstallerInitializer"
317-->[androidx.profileinstaller:profileinstaller:1.3.0] AndroidManifest.xml:30:17-85
318                android:value="androidx.startup" />
318-->[androidx.profileinstaller:profileinstaller:1.3.0] AndroidManifest.xml:31:17-49
319        </provider>
320
321        <activity
321-->[com.google.android.gms:play-services-base:18.3.0] AndroidManifest.xml:20:9-22:45
322            android:name="com.google.android.gms.common.api.GoogleApiActivity"
322-->[com.google.android.gms:play-services-base:18.3.0] AndroidManifest.xml:20:19-85
323            android:exported="false"
323-->[com.google.android.gms:play-services-base:18.3.0] AndroidManifest.xml:22:19-43
324            android:theme="@android:style/Theme.Translucent.NoTitleBar" />
324-->[com.google.android.gms:play-services-base:18.3.0] AndroidManifest.xml:21:19-78
325
326        <provider
326-->[com.google.firebase:firebase-common:20.4.2] AndroidManifest.xml:23:9-28:39
327            android:name="com.google.firebase.provider.FirebaseInitProvider"
327-->[com.google.firebase:firebase-common:20.4.2] AndroidManifest.xml:24:13-77
328            android:authorities="com.pranix.quietkeep.firebaseinitprovider"
328-->[com.google.firebase:firebase-common:20.4.2] AndroidManifest.xml:25:13-72
329            android:directBootAware="true"
329-->[com.google.firebase:firebase-common:20.4.2] AndroidManifest.xml:26:13-43
330            android:exported="false"
330-->[com.google.firebase:firebase-common:20.4.2] AndroidManifest.xml:27:13-37
331            android:initOrder="100" />
331-->[com.google.firebase:firebase-common:20.4.2] AndroidManifest.xml:28:13-36
332
333        <meta-data
333-->[com.google.android.gms:play-services-basement:18.3.0] AndroidManifest.xml:21:9-23:69
334            android:name="com.google.android.gms.version"
334-->[com.google.android.gms:play-services-basement:18.3.0] AndroidManifest.xml:22:13-58
335            android:value="@integer/google_play_services_version" />
335-->[com.google.android.gms:play-services-basement:18.3.0] AndroidManifest.xml:23:13-66
336
337        <service
337-->[com.google.android.datatransport:transport-backend-cct:3.1.8] AndroidManifest.xml:28:9-34:19
338            android:name="com.google.android.datatransport.runtime.backends.TransportBackendDiscovery"
338-->[com.google.android.datatransport:transport-backend-cct:3.1.8] AndroidManifest.xml:29:13-103